{
  "RSpec": {
    "coverage": {

      "/Users/Huxley/rails_swap/SocialProject_Rails/spec/controllers/venues_spec.rb": [
        null,
        null,
        1,
        null,
        1,
        1,
        1,
        1,
        null,
        1,
        null,
        null,
        1,
        1,
        1,
        1,
        1,
        1,
        1,
        1,
        1,
        1,
        1,
        1,
        1,
        null,
        null,
        1,
        1,
        5,
        null,
        null,
        1,
        null,
        1,
        1,
        null,
        null,
        null,
        1,
        1,
        1,
        1,
        1,
        1,
        null,
        null,
        1,
        4,
        null,
        1,
        1,
        1,
        1,
        1,
        null,
        null,
        1,
        1,
        null,
        null,
        null,
        1,
        1,
        1,
        null,
        null,
        null,
        null,
        null,
      "/Users/alinagoaga/Desktop/skills-workshops/week-10/SocialProject_Rails/spec/controllers/charges_controller_spec.rb": [
        1,
        null,
        1,
        null
      ],
      "/Users/Huxley/rails_swap/SocialProject_Rails/spec/rails_helper.rb": [
        null,
        null,
        null,
        1,
        1,
        1,
        null,
        1,
        1,
        null,
        null,
        null,
        null,
        null,
        null,
        null,
        null,
        null,
        null,
        null,
        null,
        null,
        null,
        null,
        null,
        null,
        null,
        null,
        1,
        1,
        null,
        0,
        0,
        null,
        1,
        null,
        1,
        null,
        null,
        null,
        null,
        1,
        null,
        null,
        null,
        null,
        null,
        null,
        null,
        null,
        null,
        null,
        null,
        null,
        null,
        null,
        1,
        null,
        null,
        1,
        1,
        1,
        null,
        null,
        null
      ],
      "/Users/Huxley/rails_swap/SocialProject_Rails/config/environment.rb": [
        null,
        null,
        null,
        1,
        null,
        1,
        1,
        null,
        null,
        1
      ],
      "/Users/Huxley/rails_swap/SocialProject_Rails/config/application.rb": [
        null,
        null,
        1,
        null,
        1,
        null,
        1,
        null,
        null,
        1,
        null,
        1,
        1,
        1,
        null,
        1,
        null,
        null,
        null,
        null,
        null,
        null,
        1,
        1,
        1,
        1,
        null,
        null,
        null,
        null,
        null,
        null,
        null,
        null,
        null
      ],
      "/Users/Huxley/rails_swap/SocialProject_Rails/config/boot.rb": [
        null,
        null,
        1,
        null,
        1,
        1
      ],

      "/Users/Huxley/rails_swap/SocialProject_Rails/config/environments/test.rb": [

        null,
        null,
        1,
        null,
        null,
        null,
        null,
        null,
        null,
        1,
        null,
        null,
        null,
        null,
        1,
        null,
        null,
        1,
        1,
        null,
        null,
        null,
        null,
        1,
        1,
        null,
        null,
        1,
        null,
        null,
        1,
        null,
        null,
        1,
        null,
        1,
        null,
        null,
        null,
        null,
        1,
        null,
        null,
        1,
        null,
        null,
        null,
        null
      ],
      "/Users/Huxley/rails_swap/SocialProject_Rails/config/initializers/application_controller_renderer.rb": [
        null,
        null,
        null,
        null,
        null,
        null,
        null,
        null,
        null,
        null
      ],
      "/Users/Huxley/rails_swap/SocialProject_Rails/config/initializers/assets.rb": [
        null,
        null,
        null,
        null,
        null,
        1,
        null,
        null,
        null,
        null,
        1,
        null,
        null,
        null,
        null,
        null
      ],

      "/Users/Huxley/rails_swap/SocialProject_Rails/config/initializers/backtrace_silencers.rb": [


        null,
        null,
        null,
        null
      ],
      "/Users/Huxley/rails_swap/SocialProject_Rails/config/initializers/content_security_policy.rb": [
        null,
        null,
        null,
        null,
        null,
        null,
        null,
        null,
        null,
        null,
        null,
        null,
        null,
        null,
        null,
        null,
        null,
        null,
        null,
        null,
        null,
        null,
        null,
        null,
        null,
        null,
        null
      ],

      "/Users/Huxley/SocialProject_Rails/config/initializers/cookies_serializer.rb": [

        null,
        null,
        null,
        null,
        1
      ],

        null,
        null,
        null,
        1
      ],
        null,
        null,
        null,
        null,
        null,
        null,
        null,
        null,
        null,
        null,
        null,
        null,
        null,
        null,
        null,
        null
      ],
      "/Users/Huxley/rails_swap/SocialProject_Rails/config/initializers/mime_types.rb": [
        null,
        null,
        null,
        null,
        null,
        null
      ],
      "/Users/alinagoaga/Desktop/skills-workshops/week-10/SocialProject_Rails/config/initializers/stripe.rb": [
        1,
        null,
        null,
        null,
        null,
        1
      ],
      "/Users/alinagoaga/Desktop/skills-workshops/week-10/SocialProject_Rails/config/initializers/wrap_parameters.rb": [
        null,
        null,
        null,
        null,
        null,
        null,
        null,
        null,
        1,
        2,
        null,
        null,
        null,
        null,
        null,
        null
      ],

      "/Users/Huxley/rails_swap/SocialProject_Rails/config/routes.rb": [
        null,
        null,
        1,
        null,
        1,
        null,
        1,
        1,
        1,
        1,
        null,
        null,
        null,
        null,
        1,
        null
      ],
      "/Users/Huxley/rails_swap/SocialProject_Rails/app/helpers/application_helper.rb": [
        null,
        1,
        null,
        1,
        null,
        0,
        null,
        0,
        null,
        null,
        null,
        null,
        0,
        null,
        null,
        null,
        null,
        null,
        null,
        0,
        0,
        null,
        null
      ],
      "/Users/alinagoaga/Desktop/skills-workshops/week-10/SocialProject_Rails/spec/controllers/donations_spec.rb": [
        null,
        null,
        1,
        null,
        1,
        1,
        1,
        1,
        1,
        1,
        null,
        null,
        null,
        null,
        null,
        null,
        null,
        null,
        null,
        null,
        null
      ],
      "/Users/alinagoaga/Desktop/skills-workshops/week-10/SocialProject_Rails/app/controllers/api/v1/donations_controller.rb": [
        1,
        1,
        1,
        1,
        1,
        null,
        null,
        1,
        0,
        0,
        0,
        0,
        0,
        null,
        null,
        1,
        null,
        1,
        0,
        null,
        null,
        1,
        0,
        null,
        null,
        null,
        null,
        0,
        null,
        null,
        null,
        null,
        null,
        null,
        null
      ],
      "/Users/Huxley/rails_swap/SocialProject_Rails/app/controllers/api/v1/venues_controller.rb": [
        null,
        null,
        1,
        1,
        3,
        null,
        null,
        1,
        8,
        8,
        null,
        null,
        1,
        0,
        null,
        null,
        1,
        null,
        1,
        8,
        5,
        3,
        2,
        null,
        null,
        null,
        null,
        1,
        5,
        5,
        5,
        null,
        null,
        1,
        2,
        null,
        null
      ],
      "/Users/alinagoaga/Desktop/skills-workshops/week-10/SocialProject_Rails/app/controllers/api/v1/venues_controller.rb": [
        1,
        1,
        null,
        null,
        null,
        1,
        null,
        null,
        null
      ],
      "/Users/Huxley/rails_swap/SocialProject_Rails/app/controllers/application_controller.rb": [
        null,
        null,
        1,
        null
      ],
      "/Users/Huxley/rails_swap/SocialProject_Rails/app/models/venue.rb": [
        null,
        null,
        1,
        1,
        null
      ],
      "/Users/Huxley/rails_swap/SocialProject_Rails/app/models/application_record.rb": [
        null,
        null,
        1,
        1,
        null
      ],
      "/Users/Huxley/rails_swap/SocialProject_Rails/app/models/donation.rb": [
        null,
        null,
        1,
        1,
        null
      ]
    },
    "timestamp": 1550948786
  }
}
